<?xml version="1.0" encoding="UTF-8" ?>
<testsuite tests="0" failures="0" name="Test" time="0" errors="0" skipped="0">
  <properties>
    <property name="java.runtime.name" value="Java(TM) SE Runtime Environment"/>
    <property name="sun.boot.library.path" value="/DEVELOPER/APP/jdk1.8.0_45/jre/lib/i386"/>
    <property name="java.vm.version" value="25.45-b02"/>
    <property name="java.vm.vendor" value="Oracle Corporation"/>
    <property name="maven.multiModuleProjectDirectory" value="/DEVELOPER/_GIT/teacher/teacher-project/teacher-service"/>
    <property name="java.vendor.url" value="http://java.oracle.com/"/>
    <property name="path.separator" value=":"/>
    <property name="guice.disable.misplaced.annotation.check" value="true"/>
    <property name="java.vm.name" value="Java HotSpot(TM) Server VM"/>
    <property name="file.encoding.pkg" value="sun.io"/>
    <property name="user.country" value="BR"/>
    <property name="sun.java.launcher" value="SUN_STANDARD"/>
    <property name="sun.os.patch.level" value="unknown"/>
    <property name="java.vm.specification.name" value="Java Virtual Machine Specification"/>
    <property name="user.dir" value="/DEVELOPER/_GIT/teacher/teacher-project/teacher-service"/>
    <property name="java.runtime.version" value="1.8.0_45-b14"/>
    <property name="java.awt.graphicsenv" value="sun.awt.X11GraphicsEnvironment"/>
    <property name="java.endorsed.dirs" value="/DEVELOPER/APP/jdk1.8.0_45/jre/lib/endorsed"/>
    <property name="os.arch" value="i386"/>
    <property name="java.io.tmpdir" value="/tmp"/>
    <property name="line.separator" value="
"/>
    <property name="java.vm.specification.vendor" value="Oracle Corporation"/>
    <property name="os.name" value="Linux"/>
    <property name="classworlds.conf" value="/DEVELOPER/ARCHIVES/workspace_java/.metadata/.plugins/org.eclipse.m2e.launching/launches/m2conf1019136814117299518.tmp"/>
    <property name="sun.jnu.encoding" value="UTF-8"/>
    <property name="java.library.path" value="/DEVELOPER/APP/jdk1.8.0_45/jre/lib/i386/server:/DEVELOPER/APP/jdk1.8.0_45/jre/lib/i386:/DEVELOPER/APP/jdk1.8.0_45/jre/../lib/i386:/DEVELOPER/APP/jdk1.8.0_45/jre/lib/i386/client:/DEVELOPER/APP/jdk1.8.0_45/jre/lib/i386::/usr/java/packages/lib/i386:/lib:/usr/lib"/>
    <property name="java.specification.name" value="Java Platform API Specification"/>
    <property name="java.class.version" value="52.0"/>
    <property name="sun.management.compiler" value="HotSpot Tiered Compilers"/>
    <property name="os.version" value="3.19.0-25-generic"/>
    <property name="user.home" value="/home/everson"/>
    <property name="user.timezone" value="America/Sao_Paulo"/>
    <property name="java.awt.printerjob" value="sun.print.PSPrinterJob"/>
    <property name="file.encoding" value="UTF-8"/>
    <property name="java.specification.version" value="1.8"/>
    <property name="user.name" value="everson"/>
    <property name="java.class.path" value="/DEVELOPER/APP/eclipse-mars/plugins/org.eclipse.m2e.maven.runtime_1.6.0.20150526-2031/jars/plexus-classworlds-2.5.2.jar:/usr/share/java/jayatanaag.jar"/>
    <property name="java.vm.specification.version" value="1.8"/>
    <property name="sun.arch.data.model" value="32"/>
    <property name="java.home" value="/DEVELOPER/APP/jdk1.8.0_45/jre"/>
    <property name="sun.java.command" value="org.codehaus.plexus.classworlds.launcher.Launcher -B install"/>
    <property name="java.specification.vendor" value="Oracle Corporation"/>
    <property name="user.language" value="pt"/>
    <property name="awt.toolkit" value="sun.awt.X11.XToolkit"/>
    <property name="java.vm.info" value="mixed mode"/>
    <property name="java.version" value="1.8.0_45"/>
    <property name="java.ext.dirs" value="/DEVELOPER/APP/jdk1.8.0_45/jre/lib/ext:/usr/java/packages/lib/ext"/>
    <property name="securerandom.source" value="file:/dev/./urandom"/>
    <property name="sun.boot.class.path" value="/DEVELOPER/APP/jdk1.8.0_45/jre/lib/resources.jar:/DEVELOPER/APP/jdk1.8.0_45/jre/lib/rt.jar:/DEVELOPER/APP/jdk1.8.0_45/jre/lib/sunrsasign.jar:/DEVELOPER/APP/jdk1.8.0_45/jre/lib/jsse.jar:/DEVELOPER/APP/jdk1.8.0_45/jre/lib/jce.jar:/DEVELOPER/APP/jdk1.8.0_45/jre/lib/charsets.jar:/DEVELOPER/APP/jdk1.8.0_45/jre/lib/jfr.jar:/DEVELOPER/APP/jdk1.8.0_45/jre/classes"/>
    <property name="java.vendor" value="Oracle Corporation"/>
    <property name="maven.home" value="/DEVELOPER/_GIT/teacher/teacher-project/teacher-service/EMBEDDED"/>
    <property name="file.separator" value="/"/>
    <property name="java.vendor.url.bug" value="http://bugreport.sun.com/bugreport/"/>
    <property name="sun.cpu.endian" value="little"/>
    <property name="sun.io.unicode.encoding" value="UnicodeLittle"/>
    <property name="sun.desktop" value="gnome"/>
    <property name="sun.cpu.isalist" value=""/>
  </properties>
</testsuite>